<?xml version="1.0" encoding="UTF-8"?>
<!-- Generated by org.testng.reporters.JUnitReportReporter -->
<testsuite skipped="0" hostname="AsÄ±m-Pc" name="com.syntax.testcases.HomePageTest" tests="1" failures="0" timestamp="09 Jun 2019 17:19:30 GMT" time="8.362" errors="0">
  <testcase name="doLogin" time="8.362" classname="com.syntax.testcases.HomePageTest"/>
</testsuite> <!-- com.syntax.testcases.HomePageTest -->
