<?xml version="1.0" encoding="UTF-8"?>
<!-- Generated by org.testng.reporters.JUnitReportReporter -->
<testsuite skipped="0" hostname="AsÄ±m-Pc" name="com.syntax.practice.ExcelFuntionsTest" tests="1" failures="0" timestamp="15 Jun 2019 17:37:11 GMT" time="1.438" errors="0">
  <testcase name="excelTest" time="1.438" classname="com.syntax.practice.ExcelFuntionsTest"/>
</testsuite> <!-- com.syntax.practice.ExcelFuntionsTest -->
