<?xml version="1.0" encoding="UTF-8"?>
<!-- Generated by org.testng.reporters.JUnitReportReporter -->
<testsuite skipped="0" hostname="AsÄ±m-Pc" name="com.Class03.DependsOnGroups" tests="3" failures="0" timestamp="06 Jun 2019 22:50:21 GMT" time="0.022" errors="0">
  <testcase name="three" time="0.002" classname="com.Class03.DependsOnGroups"/>
  <testcase name="one" time="0.017" classname="com.Class03.DependsOnGroups"/>
  <testcase name="two" time="0.003" classname="com.Class03.DependsOnGroups"/>
</testsuite> <!-- com.Class03.DependsOnGroups -->
