<?xml version="1.0" encoding="UTF-8"?>
<!-- Generated by org.testng.reporters.JUnitReportReporter -->
<testsuite skipped="0" hostname="AsÄ±m-Pc" name="taskHW.Task2AddEmployee" tests="2" failures="0" timestamp="06 Jun 2019 17:37:41 GMT" time="29.449" errors="0">
  <testcase name="addEmployee" time="26.380" classname="taskHW.Task2AddEmployee"/>
  <testcase name="verifyEmployee" time="3.069" classname="taskHW.Task2AddEmployee"/>
</testsuite> <!-- taskHW.Task2AddEmployee -->
