<?xml version="1.0" encoding="UTF-8"?>
<!-- Generated by org.testng.reporters.JUnitReportReporter -->
<testsuite skipped="0" hostname="AsÄ±m-Pc" name="class01.SwagLab" tests="1" failures="0" timestamp="29 May 2019 02:03:54 GMT" time="12.904" errors="0">
  <testcase name="loginPro" time="12.904" classname="class01.SwagLab"/>
</testsuite> <!-- class01.SwagLab -->
