<?xml version="1.0" encoding="UTF-8"?>
<!-- Generated by org.testng.reporters.JUnitReportReporter -->
<testsuite skipped="0" hostname="AsÄ±m-Pc" name="com.Class04.NewTourExample" tests="1" failures="0" timestamp="07 Jun 2019 02:06:16 GMT" time="10.228" errors="0">
  <testcase name="userInformation" time="10.228" classname="com.Class04.NewTourExample"/>
</testsuite> <!-- com.Class04.NewTourExample -->
