<?xml version="1.0" encoding="UTF-8"?>
<!-- Generated by org.testng.reporters.JUnitReportReporter -->
<testsuite skipped="0" hostname="AsÄ±m-Pc" name="com.Class04.ToolsQaExample" tests="4" failures="0" timestamp="07 Jun 2019 02:02:27 GMT" time="50.787" errors="0">
  <testcase name="getData1" time="11.470" classname="com.Class04.ToolsQaExample"/>
  <testcase name="getData1" time="11.288" classname="com.Class04.ToolsQaExample"/>
  <testcase name="getData1" time="13.469" classname="com.Class04.ToolsQaExample"/>
  <testcase name="getData1" time="14.560" classname="com.Class04.ToolsQaExample"/>
</testsuite> <!-- com.Class04.ToolsQaExample -->
