<?xml version="1.0" encoding="UTF-8"?>
<!-- Generated by org.testng.reporters.JUnitReportReporter -->
<testsuite skipped="0" hostname="AsÄ±m-Pc" name="com.Class01.BeforeAndAfterMethod" tests="2" failures="0" timestamp="15 Jun 2019 22:32:52 GMT" time="0.018" errors="0">
  <testcase name="testMethodOne" time="0.014" classname="com.Class01.BeforeAndAfterMethod"/>
  <testcase name="testMethodTwo" time="0.004" classname="com.Class01.BeforeAndAfterMethod"/>
</testsuite> <!-- com.Class01.BeforeAndAfterMethod -->
