<?xml version="1.0" encoding="UTF-8"?>
<!-- Generated by org.testng.reporters.JUnitReportReporter -->
<testsuite skipped="0" hostname="AsÄ±m-Pc" name="com.Class04.Task1" tests="2" failures="0" timestamp="07 Jun 2019 00:07:08 GMT" time="14.872" errors="0">
  <testcase name="login" time="8.763" classname="com.Class04.Task1"/>
  <testcase name="login1" time="6.109" classname="com.Class04.Task1"/>
</testsuite> <!-- com.Class04.Task1 -->
