<?xml version="1.0" encoding="UTF-8"?>
<!-- Generated by org.testng.reporters.JUnitReportReporter -->
<testsuite skipped="0" hostname="AsÄ±m-Pc" name="com.syntax.testcases.AddEmployeePageTest" tests="10" failures="0" timestamp="16 Jun 2019 15:20:48 GMT" time="289.950" errors="0">
  <testcase name="addEmployee" time="31.370" classname="com.syntax.testcases.AddEmployeePageTest"/>
  <testcase name="addEmployee" time="26.596" classname="com.syntax.testcases.AddEmployeePageTest"/>
  <testcase name="addEmployee" time="27.158" classname="com.syntax.testcases.AddEmployeePageTest"/>
  <testcase name="addEmployee" time="28.278" classname="com.syntax.testcases.AddEmployeePageTest"/>
  <testcase name="addEmployee" time="25.292" classname="com.syntax.testcases.AddEmployeePageTest"/>
  <testcase name="addEmployee" time="27.766" classname="com.syntax.testcases.AddEmployeePageTest"/>
  <testcase name="addEmployee" time="27.847" classname="com.syntax.testcases.AddEmployeePageTest"/>
  <testcase name="addEmployee" time="37.193" classname="com.syntax.testcases.AddEmployeePageTest"/>
  <testcase name="addEmployee" time="24.864" classname="com.syntax.testcases.AddEmployeePageTest"/>
  <testcase name="addEmployee" time="33.586" classname="com.syntax.testcases.AddEmployeePageTest"/>
</testsuite> <!-- com.syntax.testcases.AddEmployeePageTest -->
