<?xml version="1.0" encoding="UTF-8"?>
<!-- Generated by org.testng.reporters.JUnitReportReporter -->
<testsuite skipped="0" hostname="AsÄ±m-Pc" name="com.Class05.DemoTest" tests="2" failures="0" timestamp="12 Jun 2019 20:45:51 GMT" time="18.957" errors="0">
  <testcase name="testCrossBrowser" time="7.358" classname="com.Class05.DemoTest"/>
  <testcase name="testCrossBrowser" time="11.599" classname="com.Class05.DemoTest"/>
</testsuite> <!-- com.Class05.DemoTest -->
