<?xml version="1.0" encoding="UTF-8"?>
<!-- Generated by org.testng.reporters.JUnitReportReporter -->
<testsuite skipped="0" hostname="AsÄ±m-Pc" name="com.Class02.PriorityExample" tests="2" failures="0" timestamp="30 May 2019 23:35:27 GMT" time="1.520" errors="0">
  <testcase name="mainPage" time="0.114" classname="com.Class02.PriorityExample"/>
  <testcase name="login" time="1.406" classname="com.Class02.PriorityExample"/>
</testsuite> <!-- com.Class02.PriorityExample -->
