<?xml version="1.0" encoding="UTF-8"?>
<!-- Generated by org.testng.reporters.JUnitReportReporter -->
<testsuite skipped="0" hostname="AsÄ±m-Pc" name="taskHW.Task3EmployeeDetails" tests="2" failures="0" timestamp="06 Jun 2019 18:48:15 GMT" time="6.494" errors="0">
  <testcase name="verifyEmployee" time="2.999" classname="taskHW.Task3EmployeeDetails"/>
  <testcase name="addEmployee" time="3.495" classname="taskHW.Task3EmployeeDetails"/>
</testsuite> <!-- taskHW.Task3EmployeeDetails -->
