<?xml version="1.0" encoding="UTF-8"?>
<!-- Generated by org.testng.reporters.JUnitReportReporter -->
<testsuite skipped="0" hostname="AsÄ±m-Pc" name="com.Class03.GruopsExample" tests="4" failures="0" timestamp="06 Jun 2019 20:37:29 GMT" time="0.025" errors="0">
  <testcase name="one" time="0.006" classname="com.Class03.GruopsExample"/>
  <testcase name="Two" time="0.003" classname="com.Class03.GruopsExample"/>
  <testcase name="Four" time="0.014" classname="com.Class03.GruopsExample"/>
  <testcase name="Three" time="0.002" classname="com.Class03.GruopsExample"/>
</testsuite> <!-- com.Class03.GruopsExample -->
