<?xml version="1.0" encoding="UTF-8"?>
<!-- Generated by org.testng.reporters.JUnitReportReporter -->
<testsuite skipped="0" hostname="AsÄ±m-Pc" name="com.Class02.Priorty" tests="4" failures="0" timestamp="30 May 2019 23:02:44 GMT" time="0.055" errors="0">
  <testcase name="third" time="0.006" classname="com.Class02.Priorty"/>
  <testcase name="fourth" time="0.008" classname="com.Class02.Priorty"/>
  <testcase name="second" time="0.006" classname="com.Class02.Priorty"/>
  <testcase name="first" time="0.035" classname="com.Class02.Priorty"/>
</testsuite> <!-- com.Class02.Priorty -->
