<?xml version="1.0" encoding="UTF-8"?>
<!-- Generated by org.testng.reporters.JUnitReportReporter -->
<testsuite skipped="3" hostname="AsÄ±m-Pc" name="com.Class05.TaskDataProvider" tests="4" failures="0" timestamp="12 Jun 2019 20:45:24 GMT" time="0.000" errors="1">
  <testcase name="setUp" time="0.000" classname="com.Class05.TaskDataProvider">
    <error type="org.testng.TestNGException" message="
Parameter &#039;browser&#039; is required by BeforeClass on method setUp but has not been marked @Optional or defined
in C:\Users\Samsung\eclipse-workspace\TestngBasics\testng2.xml">
      <![CDATA[org.testng.TestNGException: 
Parameter 'browser' is required by BeforeClass on method setUp but has not been marked @Optional or defined
in C:\Users\Samsung\eclipse-workspace\TestngBasics\testng2.xml
at org.testng.internal.Parameters.createParams(Parameters.java:290)
at org.testng.internal.Parameters.createParametersForMethod(Parameters.java:359)
at org.testng.internal.Parameters.createParameters(Parameters.java:620)
at org.testng.internal.Parameters.createConfigurationParameters(Parameters.java:190)
at org.testng.internal.Invoker.invokeConfigurations(Invoker.java:209)
at org.testng.internal.Invoker.invokeConfigurations(Invoker.java:142)
at org.testng.internal.TestMethodWorker.invokeBeforeClassMethods(TestMethodWorker.java:168)
at org.testng.internal.TestMethodWorker.run(TestMethodWorker.java:105)
at java.util.concurrent.ThreadPoolExecutor.runWorker(Unknown Source)
at java.util.concurrent.ThreadPoolExecutor$Worker.run(Unknown Source)
at java.lang.Thread.run(Unknown Source)
]]>
    </error>
  </testcase> <!-- setUp -->
  <testcase name="getData" time="0.000" classname="com.Class05.TaskDataProvider">
    <skipped/>
  </testcase> <!-- getData -->
  <testcase name="getData" time="0.000" classname="com.Class05.TaskDataProvider">
    <skipped/>
  </testcase> <!-- getData -->
  <testcase name="changeAdress" time="0.000" classname="com.Class05.TaskDataProvider">
    <skipped/>
  </testcase> <!-- changeAdress -->
</testsuite> <!-- com.Class05.TaskDataProvider -->
