<?xml version="1.0" encoding="UTF-8"?>
<!-- Generated by org.testng.reporters.JUnitReportReporter -->
<testsuite skipped="0" hostname="AsÄ±m-Pc" name="com.Class02.Task" tests="2" failures="0" timestamp="31 May 2019 00:08:04 GMT" time="19.285" errors="0">
  <testcase name="login" time="13.330" classname="com.Class02.Task"/>
  <testcase name="getTitle" time="5.955" classname="com.Class02.Task"/>
</testsuite> <!-- com.Class02.Task -->
