<?xml version="1.0" encoding="UTF-8"?>
<!-- Generated by org.testng.reporters.JUnitReportReporter -->
<testsuite skipped="0" hostname="AsÄ±m-Pc" name="taskHW.Task1LoginHRM" tests="1" failures="0" timestamp="03 Jun 2019 16:16:08 GMT" time="6.942" errors="0">
  <testcase name="login" time="6.942" classname="taskHW.Task1LoginHRM"/>
</testsuite> <!-- taskHW.Task1LoginHRM -->
