<?xml version="1.0" encoding="UTF-8"?>
<!-- Generated by org.testng.reporters.JUnitReportReporter -->
<testsuite skipped="0" hostname="AsÄ±m-Pc" name="com.Class04.DataProviderTest" tests="3" failures="0" timestamp="07 Jun 2019 01:43:52 GMT" time="0.022" errors="0">
  <testcase name="getData" time="0.016" classname="com.Class04.DataProviderTest"/>
  <testcase name="getData" time="0.004" classname="com.Class04.DataProviderTest"/>
  <testcase name="getData" time="0.002" classname="com.Class04.DataProviderTest"/>
</testsuite> <!-- com.Class04.DataProviderTest -->
