<?xml version="1.0" encoding="UTF-8"?>
<!-- Generated by org.testng.reporters.JUnitReportReporter -->
<testsuite skipped="0" hostname="AsÄ±m-Pc" name="taskHW.TaskDataProvider" tests="3" failures="0" timestamp="10 Jun 2019 04:53:51 GMT" time="33.471" errors="0">
  <testcase name="getData" time="12.779" classname="taskHW.TaskDataProvider"/>
  <testcase name="getData" time="13.143" classname="taskHW.TaskDataProvider"/>
  <testcase name="changeAdress" time="7.549" classname="taskHW.TaskDataProvider"/>
</testsuite> <!-- taskHW.TaskDataProvider -->
