<?xml version="1.0" encoding="UTF-8"?>
<!-- Generated by org.testng.reporters.JUnitReportReporter -->
<testsuite skipped="0" hostname="AsÄ±m-Pc" name="com.Class01.Demo" tests="1" failures="0" timestamp="16 Jun 2019 03:57:14 GMT" time="0.039" errors="0">
  <testcase name="testDemo" time="0.039" classname="com.Class01.Demo"/>
</testsuite> <!-- com.Class01.Demo -->
