<?xml version="1.0" encoding="UTF-8"?>
<!-- Generated by org.testng.reporters.JUnitReportReporter -->
<testsuite skipped="0" hostname="AsÄ±m-Pc" name="class01.Demo" tests="3" failures="0" timestamp="29 May 2019 01:17:09 GMT" time="0.054" errors="0">
  <testcase name="b" time="0.012" classname="class01.Demo"/>
  <testcase name="testDemo" time="0.012" classname="class01.Demo"/>
  <testcase name="a" time="0.030" classname="class01.Demo"/>
</testsuite> <!-- class01.Demo -->
