<?xml version="1.0" encoding="UTF-8"?>
<!-- Generated by org.testng.reporters.JUnitReportReporter -->
<testsuite skipped="0" hostname="AsÄ±m-Pc" name="class01.BeforeAndAfterMethod" tests="2" failures="0" timestamp="29 May 2019 01:31:52 GMT" time="0.034" errors="0">
  <testcase name="testMethodTwo" time="0.019" classname="class01.BeforeAndAfterMethod"/>
  <testcase name="testMethodOne" time="0.015" classname="class01.BeforeAndAfterMethod"/>
</testsuite> <!-- class01.BeforeAndAfterMethod -->
